<?xml version="1.0" encoding="UTF-8"?>
<testsuite name="Ejemplo de lectura de datos por xlsx" tests="1" skipped="0" failures="0" errors="0" timestamp="2021-08-12T13:24:46" hostname="LAPTOP-PISRMKJI" time="17.688">
  <properties/>
  <testcase name="Busqueda exitosa en Google" classname="Ejemplo de lectura de datos por xlsx" time="17.688"/>
  <system-out><![CDATA[]]></system-out>
  <system-err><![CDATA[Starting ChromeDriver 92.0.4515.107 (87a818b10553a07434ea9e2b6dccf3cbe7895134-refs/branch-heads/4515@{#1634}) on port 8524
Only local connections are allowed.
Please see https://chromedriver.chromium.org/security-considerations for suggestions on keeping ChromeDriver safe.
ChromeDriver was started successfully.
ago 12, 2021 8:24:50 AM org.openqa.selenium.remote.ProtocolHandshake createSession
INFORMACIÓN: Detected dialect: W3C
]]></system-err>
</testsuite>
